Using pre-set license
Built from '2020.3/staging' branch; Version is '2020.3.26f1 (7298b473bc1a) revision 7510196'; Using compiler version '192528614'; Build Type 'Release'
OS: 'Windows 10  (10.0.19043) 64bit Core' Language: 'en' Physical Memory: 16319 MB
BatchMode: 1, IsHumanControllingUs: 0, StartBugReporterOnCrash: 0, Is64bit: 1, IsPro: 0

COMMAND LINE ARGUMENTS:
C:\Program Files\Unity\Hub\Editor\2020.3.26f1\Editor\Unity.exe
-adb2
-batchMode
-noUpm
-name
AssetImportWorker0
-projectPath
C:/Users/bradh/Assignment 1
-logFile
Logs/AssetImportWorker0.log
-srvPort
64575
Successfully changed project path to: C:/Users/bradh/Assignment 1
C:/Users/bradh/Assignment 1
Using Asset Import Pipeline V2.
Refreshing native plugins compatible for Editor in 56.83 ms, found 3 plugins.
Preloading 0 native plugins for Editor in 0.00 ms.
Initialize engine version: 2020.3.26f1 (7298b473bc1a)
[Subsystems] Discovering subsystems at path C:/Program Files/Unity/Hub/Editor/2020.3.26f1/Editor/Data/Resources/UnitySubsystems
[Subsystems] Discovering subsystems at path C:/Users/bradh/Assignment 1/Assets
GfxDevice: creating device client; threaded=0
Direct3D:
    Version:  Direct3D 11.0 [level 11.1]
    Renderer: NVIDIA GeForce GTX 1070 Ti (ID=0x1b82)
    Vendor:   
    VRAM:     8079 MB
    Driver:   27.21.14.6677
Initialize mono
Mono path[0] = 'C:/Program Files/Unity/Hub/Editor/2020.3.26f1/Editor/Data/Managed'
Mono path[1] = 'C:/Program Files/Unity/Hub/Editor/2020.3.26f1/Editor/Data/MonoBleedingEdge/lib/mono/unityjit'
Mono config path = 'C:/Program Files/Unity/Hub/Editor/2020.3.26f1/Editor/Data/MonoBleedingEdge/etc'
Using monoOptions --debugger-agent=transport=dt_socket,embedding=1,server=y,suspend=n,address=127.0.0.1:56796
Begin MonoManager ReloadAssembly
Registering precompiled unity dll's ...
Register platform support module: C:/Program Files/Unity/Hub/Editor/2020.3.26f1/Editor/Data/PlaybackEngines/WindowsStandaloneSupport/UnityEditor.WindowsStandalone.Extensions.dll
Registered in 0.003221 seconds.
Native extension for WindowsStandalone target not found
Refreshing native plugins compatible for Editor in 54.46 ms, found 3 plugins.
Preloading 0 native plugins for Editor in 0.00 ms.
Mono: successfully reloaded assembly
- Completed reload, in  0.713 seconds
Domain Reload Profiling:
	ReloadAssembly (713ms)
		BeginReloadAssembly (69ms)
			ExecutionOrderSort (0ms)
			DisableScriptedObjects (0ms)
			BackupInstance (0ms)
			ReleaseScriptingObjects (0ms)
			CreateAndSetChildDomain (1ms)
		EndReloadAssembly (548ms)
			LoadAssemblies (66ms)
			RebuildTransferFunctionScriptingTraits (0ms)
			SetupTypeCache (177ms)
			ReleaseScriptCaches (0ms)
			RebuildScriptCaches (34ms)
			SetupLoadedEditorAssemblies (207ms)
				LogAssemblyErrors (0ms)
				InitializePlatformSupportModulesInManaged (5ms)
				SetLoadedEditorAssemblies (0ms)
				RefreshPlugins (55ms)
				BeforeProcessingInitializeOnLoad (10ms)
				ProcessInitializeOnLoadAttributes (100ms)
				ProcessInitializeOnLoadMethodAttributes (37ms)
				AfterProcessingInitializeOnLoad (0ms)
				EditorAssembliesLoaded (0ms)
			ExecutionOrderSort2 (0ms)
			AwakeInstancesAfterBackupRestoration (0ms)
Platform modules already initialized, skipping
Registering precompiled user dll's ...
Registered in 0.007443 seconds.
Begin MonoManager ReloadAssembly
Native extension for WindowsStandalone target not found
Refreshing native plugins compatible for Editor in 55.36 ms, found 3 plugins.
Preloading 0 native plugins for Editor in 0.00 ms.
Mono: successfully reloaded assembly
- Completed reload, in  1.363 seconds
Domain Reload Profiling:
	ReloadAssembly (1364ms)
		BeginReloadAssembly (174ms)
			ExecutionOrderSort (0ms)
			DisableScriptedObjects (6ms)
			BackupInstance (0ms)
			ReleaseScriptingObjects (0ms)
			CreateAndSetChildDomain (21ms)
		EndReloadAssembly (1105ms)
			LoadAssemblies (114ms)
			RebuildTransferFunctionScriptingTraits (0ms)
			SetupTypeCache (360ms)
			ReleaseScriptCaches (1ms)
			RebuildScriptCaches (54ms)
			SetupLoadedEditorAssemblies (421ms)
				LogAssemblyErrors (0ms)
				InitializePlatformSupportModulesInManaged (4ms)
				SetLoadedEditorAssemblies (0ms)
				RefreshPlugins (55ms)
				BeforeProcessingInitializeOnLoad (91ms)
				ProcessInitializeOnLoadAttributes (237ms)
				ProcessInitializeOnLoadMethodAttributes (21ms)
				AfterProcessingInitializeOnLoad (11ms)
				EditorAssembliesLoaded (0ms)
			ExecutionOrderSort2 (0ms)
			AwakeInstancesAfterBackupRestoration (8ms)
Platform modules already initialized, skipping
========================================================================
Worker process is ready to serve import requests
Launched and connected shader compiler UnityShaderCompiler.exe after 0.08 seconds
Refreshing native plugins compatible for Editor in 0.62 ms, found 3 plugins.
Preloading 0 native plugins for Editor in 0.00 ms.
Unloading 2197 Unused Serialized files (Serialized files now loaded: 0)
System memory in use before: 95.8 MB.
System memory in use after: 95.9 MB.

Unloading 28 unused Assets to reduce memory usage. Loaded Objects now: 2630.
Total: 3.710300 ms (FindLiveObjects: 0.289600 ms CreateObjectMapping: 0.061600 ms MarkObjects: 3.280600 ms  DeleteObjects: 0.077200 ms)

AssetImportParameters requested are different than current active one (requested -> active):
  custom:framework-win-MediaFoundation: 216162199b28c13a410421893ffa2e32 -> 
  custom:video-decoder-ogg-theora: a1e56fd34408186e4bbccfd4996cb3dc -> 
  custom:container-muxer-webm: aa71ff27fc2769a1b78a27578f13a17b -> 
  custom:container-demuxer-webm: 4f35f7cbe854078d1ac9338744f61a02 -> 
  custom:container-demuxer-ogg: 62fdf1f143b41e24485cea50d1cbac27 -> 
  custom:video-encoder-webm-vp8: eb34c28f22e8b96e1ab97ce403110664 -> 
  custom:video-codec-MediaFoundation-h265: e54d7ab0439102e2317fc1e4b246158d -> 
  custom:video-decoder-webm-vp8: 9c59270c3fd7afecdb556c50c9e8de78 -> 
  custom:audio-decoder-ogg-vorbis: bf7c407c2cedff20999df2af8eb42d56 -> 
  custom:audio-encoder-webm-vorbis: bf7c407c2cedff20999df2af8eb42d56 -> 
========================================================================
Received Import Request.
  path: Packages/com.unity.2d.path
  artifactKey: Guid(b408cb5710d3960a737996681ad0c300) Importer(815301076,1909f56bfc062723c751e8b465ee728b)
Start importing Packages/com.unity.2d.path using Guid(b408cb5710d3960a737996681ad0c300) Importer(815301076,1909f56bfc062723c751e8b465ee728b)  -> (artifact id: 'eab3aba49165f8247a4276832bd0928d') in 0.012322 seconds 
  Import took 0.016237 seconds .

========================================================================
Received Import Request.
  Time since last request: 3.129344 seconds.
  path: Packages/com.unity.2d.path/README.md
  artifactKey: Guid(309a434075c14ea4f9464daf8ff9b997) Importer(815301076,1909f56bfc062723c751e8b465ee728b)
Start importing Packages/com.unity.2d.path/README.md using Guid(309a434075c14ea4f9464daf8ff9b997) Importer(815301076,1909f56bfc062723c751e8b465ee728b)  -> (artifact id: 'b88f652425037a9461a73c6568542fa7') in 0.044094 seconds 
  Import took 0.048046 seconds .

========================================================================
Received Import Request.
  Time since last request: 4.108181 seconds.
  path: Packages/com.unity.2d.path/QAReport.md
  artifactKey: Guid(c80b5e4271e88c94284e7c000b34347e) Importer(815301076,1909f56bfc062723c751e8b465ee728b)
Start importing Packages/com.unity.2d.path/QAReport.md using Guid(c80b5e4271e88c94284e7c000b34347e) Importer(815301076,1909f56bfc062723c751e8b465ee728b)  -> (artifact id: 'a8f674f87dd1dcb172f247c3b1580ae6') in 0.012734 seconds 
  Import took 0.016915 seconds .

========================================================================
Received Import Request.
  Time since last request: 3.622536 seconds.
  path: Packages/com.unity.2d.path/LICENSE.md
  artifactKey: Guid(c58d2241e3155534f8b33d65e5d22627) Importer(815301076,1909f56bfc062723c751e8b465ee728b)
Start importing Packages/com.unity.2d.path/LICENSE.md using Guid(c58d2241e3155534f8b33d65e5d22627) Importer(815301076,1909f56bfc062723c751e8b465ee728b)  -> (artifact id: '67c86938c284ae760a0ea38ad88301b8') in 0.011641 seconds 
  Import took 0.016006 seconds .

========================================================================
Received Import Request.
  Time since last request: 0.541172 seconds.
  path: Packages/com.unity.2d.path/CHANGELOG.md
  artifactKey: Guid(c1b975030cb01fa4fb63b07dc5584b12) Importer(815301076,1909f56bfc062723c751e8b465ee728b)
Start importing Packages/com.unity.2d.path/CHANGELOG.md using Guid(c1b975030cb01fa4fb63b07dc5584b12) Importer(815301076,1909f56bfc062723c751e8b465ee728b)  -> (artifact id: 'b23945f27000ab733b83182da0c3dd62') in 0.010551 seconds 
  Import took 0.014344 seconds .

========================================================================
Received Import Request.
  Time since last request: 1.917218 seconds.
  path: Packages/com.unity.2d.path/Tests
  artifactKey: Guid(a1eb330a613ceea45af21585e08fd0bd) Importer(815301076,1909f56bfc062723c751e8b465ee728b)
Start importing Packages/com.unity.2d.path/Tests using Guid(a1eb330a613ceea45af21585e08fd0bd) Importer(815301076,1909f56bfc062723c751e8b465ee728b)  -> (artifact id: 'd3bdebf654378740f1fa28098cf1f106') in 0.009191 seconds 
  Import took 0.012801 seconds .

========================================================================
Received Import Request.
  Time since last request: 0.144894 seconds.
  path: Packages/com.unity.2d.path/Tests/Unity.2D.Path.Tests.asmdef
  artifactKey: Guid(6d12c3e51f4c89149908f5b37ad1301c) Importer(815301076,1909f56bfc062723c751e8b465ee728b)
Start importing Packages/com.unity.2d.path/Tests/Unity.2D.Path.Tests.asmdef using Guid(6d12c3e51f4c89149908f5b37ad1301c) Importer(815301076,1909f56bfc062723c751e8b465ee728b)  -> (artifact id: 'aee419563edf3a7007a53e213421b7e0') in 0.009928 seconds 
  Import took 0.013563 seconds .

========================================================================
Received Import Request.
  Time since last request: 1.197418 seconds.
  path: Packages/com.unity.2d.path/Tests/PlaceholderTests.cs
  artifactKey: Guid(685b325483700af4abc5c9b7b9d97757) Importer(815301076,1909f56bfc062723c751e8b465ee728b)
Start importing Packages/com.unity.2d.path/Tests/PlaceholderTests.cs using Guid(685b325483700af4abc5c9b7b9d97757) Importer(815301076,1909f56bfc062723c751e8b465ee728b)  -> (artifact id: '450ea252ae70d5252f0052dc97ca58f7') in 0.051099 seconds 
  Import took 0.055008 seconds .

========================================================================
Received Import Request.
  Time since last request: 6.634307 seconds.
  path: Packages/com.unity.2d.path/Editor
  artifactKey: Guid(ebb15515f9c03364089baa7120b54453) Importer(815301076,1909f56bfc062723c751e8b465ee728b)
Start importing Packages/com.unity.2d.path/Editor using Guid(ebb15515f9c03364089baa7120b54453) Importer(815301076,1909f56bfc062723c751e8b465ee728b)  -> (artifact id: '826eda193e1cb00cb37cb8b35d208027') in 0.003735 seconds 
  Import took 0.007812 seconds .

========================================================================
Received Import Request.
  Time since last request: 0.056389 seconds.
  path: Packages/com.unity.2d.path/Editor/Unity.2D.Path.Editor.asmdef
  artifactKey: Guid(4237adb6ac177124b8f4a94835b7b455) Importer(815301076,1909f56bfc062723c751e8b465ee728b)
Start importing Packages/com.unity.2d.path/Editor/Unity.2D.Path.Editor.asmdef using Guid(4237adb6ac177124b8f4a94835b7b455) Importer(815301076,1909f56bfc062723c751e8b465ee728b)  -> (artifact id: '0a15ac9b46b3076c060e3d74b80f3114') in 0.008245 seconds 
  Import took 0.011790 seconds .

========================================================================
Received Import Request.
  Time since last request: 0.891946 seconds.
  path: Packages/com.unity.2d.path/Editor/EditorTool
  artifactKey: Guid(47fb61e2873922c4893faa7eff277f25) Importer(815301076,1909f56bfc062723c751e8b465ee728b)
Start importing Packages/com.unity.2d.path/Editor/EditorTool using Guid(47fb61e2873922c4893faa7eff277f25) Importer(815301076,1909f56bfc062723c751e8b465ee728b)  -> (artifact id: 'a42e5f952eccda1b1058111a47aae6ff') in 0.009556 seconds 
  Import took 0.013791 seconds .

========================================================================
Received Import Request.
  Time since last request: 0.337531 seconds.
  path: Packages/com.unity.2d.path/Editor/Handles
  artifactKey: Guid(ef3a2c79978afd74ebaa435c12615c7c) Importer(815301076,1909f56bfc062723c751e8b465ee728b)
Start importing Packages/com.unity.2d.path/Editor/Handles using Guid(ef3a2c79978afd74ebaa435c12615c7c) Importer(815301076,1909f56bfc062723c751e8b465ee728b)  -> (artifact id: '27b41a71f8c00cfa4e46552a028cb2ce') in 0.010643 seconds 
  Import took 0.014567 seconds .

========================================================================
Received Import Request.
  Time since last request: 0.279610 seconds.
  path: Packages/com.unity.2d.path/Editor/IMGUI
  artifactKey: Guid(66ae7362289f12c4d8da3f9f04cf4984) Importer(815301076,1909f56bfc062723c751e8b465ee728b)
Start importing Packages/com.unity.2d.path/Editor/IMGUI using Guid(66ae7362289f12c4d8da3f9f04cf4984) Importer(815301076,1909f56bfc062723c751e8b465ee728b)  -> (artifact id: '237bd04de518ec4b445e4c4e71da3b2a') in 0.009352 seconds 
  Import took 0.013445 seconds .

========================================================================
Received Import Request.
  Time since last request: 0.284097 seconds.
  path: Packages/com.unity.2d.path/Editor/Selection
  artifactKey: Guid(e0614749a5c834c4eb996eeca8643b5e) Importer(815301076,1909f56bfc062723c751e8b465ee728b)
Start importing Packages/com.unity.2d.path/Editor/Selection using Guid(e0614749a5c834c4eb996eeca8643b5e) Importer(815301076,1909f56bfc062723c751e8b465ee728b)  -> (artifact id: 'e1c6157cb96760a324b152307fbf4204') in 0.009082 seconds 
  Import took 0.012708 seconds .

========================================================================
Received Import Request.
  Time since last request: 0.355788 seconds.
  path: Packages/com.unity.2d.path/Editor/Shapes
  artifactKey: Guid(4334e2aedb1fa4848b2c1503ffe7578f) Importer(815301076,1909f56bfc062723c751e8b465ee728b)
Start importing Packages/com.unity.2d.path/Editor/Shapes using Guid(4334e2aedb1fa4848b2c1503ffe7578f) Importer(815301076,1909f56bfc062723c751e8b465ee728b)  -> (artifact id: '3eb0f0998174732804076a6292b34fd0') in 0.009867 seconds 
  Import took 0.013747 seconds .

========================================================================
Received Import Request.
  Time since last request: 142.935129 seconds.
  path: Assets/Sunnyland/artwork
  artifactKey: Guid(2f17d1e6a207e4d8eb72bd03b1b645ac) Importer(815301076,1909f56bfc062723c751e8b465ee728b)
Start importing Assets/Sunnyland/artwork using Guid(2f17d1e6a207e4d8eb72bd03b1b645ac) Importer(815301076,1909f56bfc062723c751e8b465ee728b)  -> (artifact id: '81a74d76d4688b1d4a5c3a255f24721c') in 0.011725 seconds 
  Import took 0.015572 seconds .

========================================================================
Received Import Request.
  Time since last request: 1.159775 seconds.
  path: Assets/Sunnyland/artwork/Sprites
  artifactKey: Guid(b6238935cfd4648cf866141c0ee28c85) Importer(815301076,1909f56bfc062723c751e8b465ee728b)
Start importing Assets/Sunnyland/artwork/Sprites using Guid(b6238935cfd4648cf866141c0ee28c85) Importer(815301076,1909f56bfc062723c751e8b465ee728b)  -> (artifact id: '30a1cdf49dae176ba251a1e799cd1bab') in 0.008729 seconds 
  Import took 0.012427 seconds .

========================================================================
Received Import Request.
  Time since last request: 1.555840 seconds.
  path: Assets/Sunnyland/artwork/Sprites/player
  artifactKey: Guid(c38f07c49aff74810b5ee46bc2a90197) Importer(815301076,1909f56bfc062723c751e8b465ee728b)
Start importing Assets/Sunnyland/artwork/Sprites/player using Guid(c38f07c49aff74810b5ee46bc2a90197) Importer(815301076,1909f56bfc062723c751e8b465ee728b)  -> (artifact id: '012bcbb0017e0eb5ce11ce6c5fb46150') in 0.009054 seconds 
  Import took 0.012951 seconds .

========================================================================
Received Import Request.
  Time since last request: 1.537814 seconds.
  path: Assets/Sunnyland/artwork/Sprites/player/idle
  artifactKey: Guid(a6784c39dc28a4834b763f55ec9d0408) Importer(815301076,1909f56bfc062723c751e8b465ee728b)
Start importing Assets/Sunnyland/artwork/Sprites/player/idle using Guid(a6784c39dc28a4834b763f55ec9d0408) Importer(815301076,1909f56bfc062723c751e8b465ee728b)  -> (artifact id: '13a0a6f7803e8d500d09401ecf18107b') in 0.008720 seconds 
  Import took 0.012224 seconds .

========================================================================
Received Import Request.
  Time since last request: 0.060986 seconds.
  path: Assets/Sunnyland/artwork/Sprites/player/idle/player-idle-1.png
  artifactKey: Guid(72de0c64f2c6a498096698322c976a67) Importer(815301076,1909f56bfc062723c751e8b465ee728b)
Start importing Assets/Sunnyland/artwork/Sprites/player/idle/player-idle-1.png using Guid(72de0c64f2c6a498096698322c976a67) Importer(815301076,1909f56bfc062723c751e8b465ee728b)  -> (artifact id: '87449736d1eeb6fc4a3485503d042d6d') in 0.130741 seconds 
  Import took 0.134411 seconds .

========================================================================
Received Import Request.
  Time since last request: 0.000248 seconds.
  path: Assets/Sunnyland/artwork/Sprites/player/idle/player-idle-4.png
  artifactKey: Guid(8bc3c2c2a565342aab778fd8e874313a) Importer(815301076,1909f56bfc062723c751e8b465ee728b)
Start importing Assets/Sunnyland/artwork/Sprites/player/idle/player-idle-4.png using Guid(8bc3c2c2a565342aab778fd8e874313a) Importer(815301076,1909f56bfc062723c751e8b465ee728b)  -> (artifact id: 'e592e0674d2b8a20b9190ad5f522ad52') in 0.016761 seconds 
  Import took 0.020432 seconds .

========================================================================
Received Import Request.
  Time since last request: 0.000241 seconds.
  path: Assets/Sunnyland/artwork/Sprites/player/idle/player-idle-3.png
  artifactKey: Guid(077f0469c420a4365bc67943783293df) Importer(815301076,1909f56bfc062723c751e8b465ee728b)
Start importing Assets/Sunnyland/artwork/Sprites/player/idle/player-idle-3.png using Guid(077f0469c420a4365bc67943783293df) Importer(815301076,1909f56bfc062723c751e8b465ee728b)  -> (artifact id: '9376aab1c8423ac234c186d30d1a1c49') in 0.017542 seconds 
  Import took 0.021390 seconds .

========================================================================
Received Import Request.
  Time since last request: 0.000265 seconds.
  path: Assets/Sunnyland/artwork/Sprites/player/idle/player-idle-2.png
  artifactKey: Guid(c8a742c1f2ebb43b9afe34a47304c051) Importer(815301076,1909f56bfc062723c751e8b465ee728b)
Start importing Assets/Sunnyland/artwork/Sprites/player/idle/player-idle-2.png using Guid(c8a742c1f2ebb43b9afe34a47304c051) Importer(815301076,1909f56bfc062723c751e8b465ee728b)  -> (artifact id: 'b5ea35d6f4322c577dc9cddf0ce8b6fd') in 0.016306 seconds 
  Import took 0.020319 seconds .

========================================================================
Received Import Request.
  Time since last request: 155.394044 seconds.
  path: Assets/Sunnyland/artwork/Environment/back.png
  artifactKey: Guid(8e160a2a620644cd6afef9119dad1093) Importer(815301076,1909f56bfc062723c751e8b465ee728b)
Start importing Assets/Sunnyland/artwork/Environment/back.png using Guid(8e160a2a620644cd6afef9119dad1093) Importer(815301076,1909f56bfc062723c751e8b465ee728b)  -> (artifact id: '184fba7dd6918a074fc56c224f70b71e') in 0.024921 seconds 
  Import took 0.029110 seconds .

========================================================================
Received Import Request.
  Time since last request: 0.000231 seconds.
  path: Assets/Sunnyland/artwork/Environment/tileset-sliced.png
  artifactKey: Guid(261212b977f594d5dbc48631a5c1295c) Importer(815301076,1909f56bfc062723c751e8b465ee728b)
Start importing Assets/Sunnyland/artwork/Environment/tileset-sliced.png using Guid(261212b977f594d5dbc48631a5c1295c) Importer(815301076,1909f56bfc062723c751e8b465ee728b)  -> (artifact id: '3ded7db3fed6e2c615e8df87d932687c') in 0.318569 seconds 
  Import took 0.322470 seconds .

========================================================================
Received Import Request.
  Time since last request: 0.000232 seconds.
  path: Assets/Sunnyland/artwork/Environment/middle.png
  artifactKey: Guid(de41d366c687a46beb6a9acaa88c12db) Importer(815301076,1909f56bfc062723c751e8b465ee728b)
Start importing Assets/Sunnyland/artwork/Environment/middle.png using Guid(de41d366c687a46beb6a9acaa88c12db) Importer(815301076,1909f56bfc062723c751e8b465ee728b)  -> (artifact id: '37bd9318211340215f5e607914c3e710') in 0.022777 seconds 
  Import took 0.026962 seconds .

========================================================================
Received Import Request.
  Time since last request: 0.000236 seconds.
  path: Assets/Sunnyland/artwork/Environment/tileset.png
  artifactKey: Guid(3b66e1a27c9634fe9a4746c47eeda7cc) Importer(815301076,1909f56bfc062723c751e8b465ee728b)
Start importing Assets/Sunnyland/artwork/Environment/tileset.png using Guid(3b66e1a27c9634fe9a4746c47eeda7cc) Importer(815301076,1909f56bfc062723c751e8b465ee728b)  -> (artifact id: '78e60e5edc645a6df5843e12d955ac25') in 0.031531 seconds 
  Import took 0.035158 seconds .

========================================================================
Received Import Request.
  Time since last request: 2.628782 seconds.
  path: Assets/Sunnyland/artwork/Environment/props
  artifactKey: Guid(15e7312e0607f4e84aeacdc44a70744c) Importer(815301076,1909f56bfc062723c751e8b465ee728b)
Start importing Assets/Sunnyland/artwork/Environment/props using Guid(15e7312e0607f4e84aeacdc44a70744c) Importer(815301076,1909f56bfc062723c751e8b465ee728b)  -> (artifact id: '1ef14071724558cefaa6476b5eb4eae9') in 0.009020 seconds 
  Import took 0.012772 seconds .

========================================================================
Received Import Request.
  Time since last request: 0.034511 seconds.
  path: Assets/Sunnyland/artwork/Environment/props/big-crate.png
  artifactKey: Guid(3fc2bbd409bf34ab6af1637bab569da1) Importer(815301076,1909f56bfc062723c751e8b465ee728b)
Start importing Assets/Sunnyland/artwork/Environment/props/big-crate.png using Guid(3fc2bbd409bf34ab6af1637bab569da1) Importer(815301076,1909f56bfc062723c751e8b465ee728b)  -> (artifact id: 'd818f8752904d268517b24068fd21a79') in 0.023564 seconds 
  Import took 0.027312 seconds .

========================================================================
Received Import Request.
  Time since last request: 0.000180 seconds.
  path: Assets/Sunnyland/artwork/Environment/props/spikes-top.png
  artifactKey: Guid(c6803a2a3fe7f45e786b788e8ddb6771) Importer(815301076,1909f56bfc062723c751e8b465ee728b)
Start importing Assets/Sunnyland/artwork/Environment/props/spikes-top.png using Guid(c6803a2a3fe7f45e786b788e8ddb6771) Importer(815301076,1909f56bfc062723c751e8b465ee728b)  -> (artifact id: 'e84982e8ddc98ce7e9efd4d48f5927e0') in 0.020245 seconds 
  Import took 0.023600 seconds .

========================================================================
Received Import Request.
  Time since last request: 0.000239 seconds.
  path: Assets/Sunnyland/artwork/Environment/props/crate.png
  artifactKey: Guid(794aa25d484d140d89ea9601c122ece0) Importer(815301076,1909f56bfc062723c751e8b465ee728b)
Start importing Assets/Sunnyland/artwork/Environment/props/crate.png using Guid(794aa25d484d140d89ea9601c122ece0) Importer(815301076,1909f56bfc062723c751e8b465ee728b)  -> (artifact id: '4b8a75ef33aae70c980a8b4698e2d3f1') in 0.019273 seconds 
  Import took 0.023102 seconds .

========================================================================
Received Import Request.
  Time since last request: 0.000256 seconds.
  path: Assets/Sunnyland/artwork/Environment/props/spike-skull.png
  artifactKey: Guid(a225befe4953547da8c4133e5d585029) Importer(815301076,1909f56bfc062723c751e8b465ee728b)
Start importing Assets/Sunnyland/artwork/Environment/props/spike-skull.png using Guid(a225befe4953547da8c4133e5d585029) Importer(815301076,1909f56bfc062723c751e8b465ee728b)  -> (artifact id: 'c77cec8bb30138a168d15d488b3637cd') in 0.024311 seconds 
  Import took 0.028764 seconds .

========================================================================
Received Import Request.
  Time since last request: 0.000224 seconds.
  path: Assets/Sunnyland/artwork/Environment/props/tree.png
  artifactKey: Guid(f7187675ec12e4aacaeb0e97ad31230a) Importer(815301076,1909f56bfc062723c751e8b465ee728b)
Start importing Assets/Sunnyland/artwork/Environment/props/tree.png using Guid(f7187675ec12e4aacaeb0e97ad31230a) Importer(815301076,1909f56bfc062723c751e8b465ee728b)  -> (artifact id: '086ee8b898ee609d86b54cf50b805f9e') in 0.027939 seconds 
  Import took 0.031418 seconds .

========================================================================
Received Import Request.
  Time since last request: 0.000189 seconds.
  path: Assets/Sunnyland/artwork/Environment/props/door.png
  artifactKey: Guid(8a26d60fb45014bcd9bb392106f7c98b) Importer(815301076,1909f56bfc062723c751e8b465ee728b)
Start importing Assets/Sunnyland/artwork/Environment/props/door.png using Guid(8a26d60fb45014bcd9bb392106f7c98b) Importer(815301076,1909f56bfc062723c751e8b465ee728b)  -> (artifact id: 'd5e4f42bce949edc3471faff08ded54d') in 0.023738 seconds 
  Import took 0.026964 seconds .

========================================================================
Received Import Request.
  Time since last request: 0.000284 seconds.
  path: Assets/Sunnyland/artwork/Environment/props/spikes.png
  artifactKey: Guid(0049772a1acaf4a49b69bb504ffe2669) Importer(815301076,1909f56bfc062723c751e8b465ee728b)
Start importing Assets/Sunnyland/artwork/Environment/props/spikes.png using Guid(0049772a1acaf4a49b69bb504ffe2669) Importer(815301076,1909f56bfc062723c751e8b465ee728b)  -> (artifact id: '4a8e3b01222e7433b4f4a6e2e94ac1bd') in 0.024402 seconds 
  Import took 0.028076 seconds .

========================================================================
Received Import Request.
  Time since last request: 0.000192 seconds.
  path: Assets/Sunnyland/artwork/Environment/props/platform-long.png
  artifactKey: Guid(15fdc3c0ac15e4a62b3f968392db8b58) Importer(815301076,1909f56bfc062723c751e8b465ee728b)
Start importing Assets/Sunnyland/artwork/Environment/props/platform-long.png using Guid(15fdc3c0ac15e4a62b3f968392db8b58) Importer(815301076,1909f56bfc062723c751e8b465ee728b)  -> (artifact id: 'ffe2a4b959a7d3037a66376cd68f8cc3') in 0.023400 seconds 
  Import took 0.026745 seconds .

========================================================================
Received Import Request.
  Time since last request: 0.000269 seconds.
  path: Assets/Sunnyland/artwork/Environment/props/bush.png
  artifactKey: Guid(ecc204495234d40f091d828790c56287) Importer(815301076,1909f56bfc062723c751e8b465ee728b)
Start importing Assets/Sunnyland/artwork/Environment/props/bush.png using Guid(ecc204495234d40f091d828790c56287) Importer(815301076,1909f56bfc062723c751e8b465ee728b)  -> (artifact id: '2685323538171c271754ba18f34404ea') in 0.017178 seconds 
  Import took 0.020935 seconds .

========================================================================
Received Import Request.
  Time since last request: 0.000238 seconds.
  path: Assets/Sunnyland/artwork/Environment/props/sign.png
  artifactKey: Guid(42820af2772f24bda991ed7de294c2fd) Importer(815301076,1909f56bfc062723c751e8b465ee728b)
Start importing Assets/Sunnyland/artwork/Environment/props/sign.png using Guid(42820af2772f24bda991ed7de294c2fd) Importer(815301076,1909f56bfc062723c751e8b465ee728b)  -> (artifact id: '70e5ec715e1562d0bbed77d5e58ab7eb') in 0.016538 seconds 
  Import took 0.020124 seconds .

========================================================================
Received Import Request.
  Time since last request: 0.000328 seconds.
  path: Assets/Sunnyland/artwork/Environment/props/crank-down.png
  artifactKey: Guid(d3240c946631a4966b1bcab3db999126) Importer(815301076,1909f56bfc062723c751e8b465ee728b)
Start importing Assets/Sunnyland/artwork/Environment/props/crank-down.png using Guid(d3240c946631a4966b1bcab3db999126) Importer(815301076,1909f56bfc062723c751e8b465ee728b)  -> (artifact id: '28d37b6e7e3c6aa476e11dadf61cfa0a') in 0.020967 seconds 
  Import took 0.024538 seconds .

========================================================================
Received Import Request.
  Time since last request: 0.000196 seconds.
  path: Assets/Sunnyland/artwork/Environment/props/shrooms.png
  artifactKey: Guid(f106f73fc33df4c4d9a3e8a5cb54db28) Importer(815301076,1909f56bfc062723c751e8b465ee728b)
Start importing Assets/Sunnyland/artwork/Environment/props/shrooms.png using Guid(f106f73fc33df4c4d9a3e8a5cb54db28) Importer(815301076,1909f56bfc062723c751e8b465ee728b)  -> (artifact id: '20351e546fd532ff1c424bb9ba5cd145') in 0.019323 seconds 
  Import took 0.022983 seconds .

========================================================================
Received Import Request.
  Time since last request: 0.000251 seconds.
  path: Assets/Sunnyland/artwork/Environment/props/skulls.png
  artifactKey: Guid(a86fabb3151544d25b4310ff397f732a) Importer(815301076,1909f56bfc062723c751e8b465ee728b)
Start importing Assets/Sunnyland/artwork/Environment/props/skulls.png using Guid(a86fabb3151544d25b4310ff397f732a) Importer(815301076,1909f56bfc062723c751e8b465ee728b)  -> (artifact id: 'b1a81df93c15eb0d6dbd5ce4e7e2c665') in 0.020129 seconds 
  Import took 0.023878 seconds .

========================================================================
Received Import Request.
  Time since last request: 0.000206 seconds.
  path: Assets/Sunnyland/artwork/Environment/props/house.png
  artifactKey: Guid(52422ada2db954026a3ae1f1ba6b4486) Importer(815301076,1909f56bfc062723c751e8b465ee728b)
Start importing Assets/Sunnyland/artwork/Environment/props/house.png using Guid(52422ada2db954026a3ae1f1ba6b4486) Importer(815301076,1909f56bfc062723c751e8b465ee728b)  -> (artifact id: 'e881439706948ef5e81edda46ed9e110') in 0.022837 seconds 
  Import took 0.027472 seconds .

========================================================================
Received Import Request.
  Time since last request: 0.000272 seconds.
  path: Assets/Sunnyland/artwork/Environment/props/face-block.png
  artifactKey: Guid(f34e83b5f0fe1432cb87276148dc6341) Importer(815301076,1909f56bfc062723c751e8b465ee728b)
Start importing Assets/Sunnyland/artwork/Environment/props/face-block.png using Guid(f34e83b5f0fe1432cb87276148dc6341) Importer(815301076,1909f56bfc062723c751e8b465ee728b)  -> (artifact id: 'bcdb0ce27de54ce7218ec84a3cf112b4') in 0.020030 seconds 
  Import took 0.024166 seconds .

========================================================================
Received Import Request.
  Time since last request: 0.000287 seconds.
  path: Assets/Sunnyland/artwork/Environment/props/rock.png
  artifactKey: Guid(3604a08945c65491a9ffb90ad9a8ff57) Importer(815301076,1909f56bfc062723c751e8b465ee728b)
Start importing Assets/Sunnyland/artwork/Environment/props/rock.png using Guid(3604a08945c65491a9ffb90ad9a8ff57) Importer(815301076,1909f56bfc062723c751e8b465ee728b)  -> (artifact id: '4ee9e1a30ac13055580566f44e73a42c') in 0.018107 seconds 
  Import took 0.021963 seconds .

========================================================================
Received Import Request.
  Time since last request: 0.000223 seconds.
  path: Assets/Sunnyland/artwork/Environment/props/block-big.png
  artifactKey: Guid(5bccf13ce09bd43e39c1c3416d5de92c) Importer(815301076,1909f56bfc062723c751e8b465ee728b)
Start importing Assets/Sunnyland/artwork/Environment/props/block-big.png using Guid(5bccf13ce09bd43e39c1c3416d5de92c) Importer(815301076,1909f56bfc062723c751e8b465ee728b)  -> (artifact id: 'a85fb857174ed0c43907c3aa0d9ee914') in 0.019182 seconds 
  Import took 0.022902 seconds .

========================================================================
Received Import Request.
  Time since last request: 0.000197 seconds.
  path: Assets/Sunnyland/artwork/Environment/props/block.png
  artifactKey: Guid(8a8849b7b8b964564b9e89cb1ded0658) Importer(815301076,1909f56bfc062723c751e8b465ee728b)
Start importing Assets/Sunnyland/artwork/Environment/props/block.png using Guid(8a8849b7b8b964564b9e89cb1ded0658) Importer(815301076,1909f56bfc062723c751e8b465ee728b)  -> (artifact id: '239ea3223e0c7febf0b03881ad0747dc') in 0.016140 seconds 
  Import took 0.019669 seconds .

========================================================================
Received Import Request.
  Time since last request: 0.000260 seconds.
  path: Assets/Sunnyland/artwork/Environment/props/crank-up.png
  artifactKey: Guid(441a2d89600064d4d9ced045b19d0ae6) Importer(815301076,1909f56bfc062723c751e8b465ee728b)
Start importing Assets/Sunnyland/artwork/Environment/props/crank-up.png using Guid(441a2d89600064d4d9ced045b19d0ae6) Importer(815301076,1909f56bfc062723c751e8b465ee728b)  -> (artifact id: 'fbd96c967b1942017a533f66bf25c595') in 0.017107 seconds 
  Import took 0.020894 seconds .

========================================================================
Received Import Request.
  Time since last request: 0.000196 seconds.
  path: Assets/Sunnyland/artwork/Environment/props/small-platform.png
  artifactKey: Guid(d3ae29bc873704d6197af9ad030f1b1c) Importer(815301076,1909f56bfc062723c751e8b465ee728b)
Start importing Assets/Sunnyland/artwork/Environment/props/small-platform.png using Guid(d3ae29bc873704d6197af9ad030f1b1c) Importer(815301076,1909f56bfc062723c751e8b465ee728b)  -> (artifact id: 'a4d3989668aec5dac8f1156521182acd') in 0.015326 seconds 
  Import took 0.018772 seconds .

========================================================================
Received Import Request.
  Time since last request: 80.658758 seconds.
  path: Assets/Sunnyland/artwork/Environment/tileset-sliced_0.prefab
  artifactKey: Guid(7b7873384141e384389368e191957736) Importer(815301076,1909f56bfc062723c751e8b465ee728b)
Start importing Assets/Sunnyland/artwork/Environment/tileset-sliced_0.prefab using Guid(7b7873384141e384389368e191957736) Importer(815301076,1909f56bfc062723c751e8b465ee728b)  -> (artifact id: 'afa2c7092263e978bbc11c3cf57ffa5a') in 0.046787 seconds 
  Import took 0.050978 seconds .

AssetImportWorkerClient::OnTransportError - code=2 error=End of file
